

*******************************************************************************
Tue Nov  4 10:03:47 2014


FIT:    data read from "<(sed -n -e '1,9p' -e '11,14p' /tmp/randomData)" using 1:5
        format = x:z
        x range restricted to [10.0000 : 34.0000]
        #datapoints = 13
        residuals are weighted equally (unit weight)

function used for fitting: frandom(x)
fitted parameters initialized with current variable values



 Iteration 0
 WSSR        : 1.19128e-11       delta(WSSR)/WSSR   : 0
 delta(WSSR) : 0                 limit for stopping : 1e-05
 lambda	  : 265.34

initial set of free parameter values

ar              = 1e-15
br              = 1e-10
cr              = 1e-10

After 6 iterations the fit converged.
final sum of squares of residuals : 2.46922e-14
rel. change during last iteration : -5.20624e-06

degrees of freedom    (FIT_NDF)                        : 10
rms of residuals      (FIT_STDFIT) = sqrt(WSSR/ndf)    : 4.96912e-08
variance of residuals (reduced chisquare) = WSSR/ndf   : 2.46922e-15

Final set of parameters            Asymptotic Standard Error
=======================            ==========================

ar              = 1.83094e-09      +/- 5.089e-10    (27.8%)
br              = -3.7151e-09      +/- 2.137e-08    (575.2%)
cr              = 2.10576e-07      +/- 2.148e-07    (102%)


correlation matrix of the fit parameters:

               ar     br     cr     
ar              1.000 
br             -0.991  1.000 
cr              0.965 -0.990  1.000 


*******************************************************************************
Tue Nov  4 10:03:47 2014


FIT:    data read from "<(sed -n -e '1,9p' -e '11,14p' /tmp/greedyData)" using 1:5
        format = x:z
        x range restricted to [10.0000 : 34.0000]
        #datapoints = 13
        residuals are weighted equally (unit weight)

function used for fitting: fgreedy(x)
fitted parameters initialized with current variable values



 Iteration 0
 WSSR        : 8.99597e-06       delta(WSSR)/WSSR   : 0
 delta(WSSR) : 0                 limit for stopping : 1e-05
 lambda	  : 265.34

initial set of free parameter values

ag              = 2.4e-06
bg              = 1e-10
cg              = 1e-10

After 7 iterations the fit converged.
final sum of squares of residuals : 7.59011e-07
rel. change during last iteration : -4.74426e-13

degrees of freedom    (FIT_NDF)                        : 10
rms of residuals      (FIT_STDFIT) = sqrt(WSSR/ndf)    : 0.000275502
variance of residuals (reduced chisquare) = WSSR/ndf   : 7.59011e-08

Final set of parameters            Asymptotic Standard Error
=======================            ==========================

ag              = 1.47759e-05      +/- 2.822e-06    (19.1%)
bg              = -0.0003786       +/- 0.0001185    (31.29%)
cg              = 0.00261211       +/- 0.001191     (45.59%)


correlation matrix of the fit parameters:

               ag     bg     cg     
ag              1.000 
bg             -0.991  1.000 
cg              0.965 -0.990  1.000 


*******************************************************************************
Tue Nov  4 10:03:47 2014


FIT:    data read from "<(sed -n -e '1,9p' -e '11,14p' /tmp/steepestData)" using 1:5
        format = x:z
        x range restricted to [10.0000 : 34.0000]
        #datapoints = 13
        residuals are weighted equally (unit weight)

function used for fitting: fsteepest(x)
fitted parameters initialized with current variable values



 Iteration 0
 WSSR        : 0.000158796       delta(WSSR)/WSSR   : 0
 delta(WSSR) : 0                 limit for stopping : 1e-05
 lambda	  : 265.34

initial set of free parameter values

as              = 2.4e-06
bs              = 1e-10
cs              = 1e-10

After 7 iterations the fit converged.
final sum of squares of residuals : 1.36545e-06
rel. change during last iteration : -1.9925e-12

degrees of freedom    (FIT_NDF)                        : 10
rms of residuals      (FIT_STDFIT) = sqrt(WSSR/ndf)    : 0.00036952
variance of residuals (reduced chisquare) = WSSR/ndf   : 1.36545e-07

Final set of parameters            Asymptotic Standard Error
=======================            ==========================

as              = 4.00476e-05      +/- 3.784e-06    (9.45%)
bs              = -0.00104617      +/- 0.0001589    (15.19%)
cs              = 0.00721041       +/- 0.001597     (22.15%)


correlation matrix of the fit parameters:

               as     bs     cs     
as              1.000 
bs             -0.991  1.000 
cs              0.965 -0.990  1.000 


*******************************************************************************
Tue Nov  4 10:03:47 2014


FIT:    data read from "<(sed -n -e '1,9p' -e '11,14p' /tmp/heuristicData)" using 1:3
        format = x:z
        x range restricted to [10.0000 : 34.0000]
        #datapoints = 13
        residuals are weighted equally (unit weight)

function used for fitting: fheuristic(x)
fitted parameters initialized with current variable values



 Iteration 0
 WSSR        : 2.78646e-08       delta(WSSR)/WSSR   : 0
 delta(WSSR) : 0                 limit for stopping : 1e-05
 lambda	  : 265.34

initial set of free parameter values

ah              = 1e-15
bh              = 1e-10
ch              = 1e-10

After 7 iterations the fit converged.
final sum of squares of residuals : 1.6403e-10
rel. change during last iteration : -2.15582e-13

degrees of freedom    (FIT_NDF)                        : 10
rms of residuals      (FIT_STDFIT) = sqrt(WSSR/ndf)    : 4.05007e-06
variance of residuals (reduced chisquare) = WSSR/ndf   : 1.6403e-11

Final set of parameters            Asymptotic Standard Error
=======================            ==========================

ah              = 2.12036e-07      +/- 4.148e-08    (19.56%)
bh              = -3.78665e-06     +/- 1.742e-06    (45.99%)
ch              = 2.58863e-05      +/- 1.751e-05    (67.63%)


correlation matrix of the fit parameters:

               ah     bh     ch     
ah              1.000 
bh             -0.991  1.000 
ch              0.965 -0.990  1.000 
